0 info it worked if it ends with ok
1 verbose cli [ 'node', '/usr/local/bin/npm', 'install' ]
2 info using npm@2.8.4
3 info using node@v0.12.0
4 verbose node symlink /usr/local/bin/node
5 verbose readDependencies loading dependencies from /Users/hugocardoza/Taller/ComponentesAngular/package.json
6 verbose install where, deps [ '/Users/hugocardoza/Taller/ComponentesAngular',
6 verbose install   [ 'grunt',
6 verbose install     'grunt-contrib-jshint',
6 verbose install     'grunt-contrib-concat',
6 verbose install     'grunt-contrib-uglify',
6 verbose install     'grunt-contrib-watch',
6 verbose install     'grunt-contrib-clean',
6 verbose install     'grunt-contrib-connect',
6 verbose install     'grunt-contrib-less',
6 verbose install     'connect-livereload',
6 verbose install     'grunt-open',
6 verbose install     'grunt-karma',
6 verbose install     'grunt-ngmin',
6 verbose install     'grunt-bump',
6 verbose install     'matchdep',
6 verbose install     'karma-script-launcher',
6 verbose install     'karma-chrome-launcher',
6 verbose install     'karma-firefox-launcher',
6 verbose install     'karma-html2js-preprocessor',
6 verbose install     'karma-jasmine',
6 verbose install     'karma-requirejs',
6 verbose install     'karma-phantomjs-launcher',
6 verbose install     'karma' ] ]
7 verbose install where, peers [ '/Users/hugocardoza/Taller/ComponentesAngular', [] ]
8 verbose installManyTop reading for lifecycle /Users/hugocardoza/Taller/ComponentesAngular/package.json
9 info preinstall ng-donuts-d3@0.0.1
10 verbose installManyTop reading scoped package data from /Users/hugocardoza/Taller/ComponentesAngular/node_modules/connect-livereload/package.json
11 verbose installManyTop reading scoped package data from /Users/hugocardoza/Taller/ComponentesAngular/node_modules/grunt/package.json
12 verbose installManyTop reading scoped package data from /Users/hugocardoza/Taller/ComponentesAngular/node_modules/grunt-bump/package.json
13 verbose installManyTop reading scoped package data from /Users/hugocardoza/Taller/ComponentesAngular/node_modules/grunt-contrib-clean/package.json
14 verbose installManyTop reading scoped package data from /Users/hugocardoza/Taller/ComponentesAngular/node_modules/grunt-contrib-concat/package.json
15 verbose installManyTop reading scoped package data from /Users/hugocardoza/Taller/ComponentesAngular/node_modules/grunt-contrib-connect/package.json
16 verbose installManyTop reading scoped package data from /Users/hugocardoza/Taller/ComponentesAngular/node_modules/grunt-contrib-jshint/package.json
17 verbose installManyTop reading scoped package data from /Users/hugocardoza/Taller/ComponentesAngular/node_modules/grunt-contrib-less/package.json
18 verbose installManyTop reading scoped package data from /Users/hugocardoza/Taller/ComponentesAngular/node_modules/grunt-contrib-qunit/package.json
19 verbose installManyTop reading scoped package data from /Users/hugocardoza/Taller/ComponentesAngular/node_modules/grunt-contrib-uglify/package.json
20 verbose installManyTop reading scoped package data from /Users/hugocardoza/Taller/ComponentesAngular/node_modules/grunt-contrib-watch/package.json
21 verbose installManyTop reading scoped package data from /Users/hugocardoza/Taller/ComponentesAngular/node_modules/grunt-karma/package.json
22 verbose installManyTop reading scoped package data from /Users/hugocardoza/Taller/ComponentesAngular/node_modules/grunt-ngmin/package.json
23 verbose installManyTop reading scoped package data from /Users/hugocardoza/Taller/ComponentesAngular/node_modules/grunt-open/package.json
24 verbose installManyTop reading scoped package data from /Users/hugocardoza/Taller/ComponentesAngular/node_modules/karma/package.json
25 verbose installManyTop reading scoped package data from /Users/hugocardoza/Taller/ComponentesAngular/node_modules/karma-chrome-launcher/package.json
26 verbose installManyTop reading scoped package data from /Users/hugocardoza/Taller/ComponentesAngular/node_modules/karma-coffee-preprocessor/package.json
27 verbose installManyTop reading scoped package data from /Users/hugocardoza/Taller/ComponentesAngular/node_modules/karma-firefox-launcher/package.json
28 verbose installManyTop reading scoped package data from /Users/hugocardoza/Taller/ComponentesAngular/node_modules/karma-html2js-preprocessor/package.json
29 verbose installManyTop reading scoped package data from /Users/hugocardoza/Taller/ComponentesAngular/node_modules/karma-jasmine/package.json
30 verbose installManyTop reading scoped package data from /Users/hugocardoza/Taller/ComponentesAngular/node_modules/karma-phantomjs-launcher/package.json
31 verbose installManyTop reading scoped package data from /Users/hugocardoza/Taller/ComponentesAngular/node_modules/karma-requirejs/package.json
32 verbose installManyTop reading scoped package data from /Users/hugocardoza/Taller/ComponentesAngular/node_modules/karma-script-launcher/package.json
33 verbose installManyTop reading scoped package data from /Users/hugocardoza/Taller/ComponentesAngular/node_modules/matchdep/package.json
34 verbose readDependencies loading dependencies from /Users/hugocardoza/Taller/ComponentesAngular/package.json
35 verbose targetResolver reading package data from /Users/hugocardoza/Taller/ComponentesAngular/node_modules/connect-livereload/package.json
36 verbose targetResolver reading package data from /Users/hugocardoza/Taller/ComponentesAngular/node_modules/grunt/package.json
37 verbose targetResolver reading package data from /Users/hugocardoza/Taller/ComponentesAngular/node_modules/grunt-bump/package.json
38 verbose targetResolver reading package data from /Users/hugocardoza/Taller/ComponentesAngular/node_modules/grunt-contrib-clean/package.json
39 verbose targetResolver reading package data from /Users/hugocardoza/Taller/ComponentesAngular/node_modules/grunt-contrib-concat/package.json
40 verbose targetResolver reading package data from /Users/hugocardoza/Taller/ComponentesAngular/node_modules/grunt-contrib-connect/package.json
41 verbose targetResolver reading package data from /Users/hugocardoza/Taller/ComponentesAngular/node_modules/grunt-contrib-jshint/package.json
42 verbose targetResolver reading package data from /Users/hugocardoza/Taller/ComponentesAngular/node_modules/grunt-contrib-less/package.json
43 verbose targetResolver reading package data from /Users/hugocardoza/Taller/ComponentesAngular/node_modules/grunt-contrib-qunit/package.json
44 verbose targetResolver reading package data from /Users/hugocardoza/Taller/ComponentesAngular/node_modules/grunt-contrib-uglify/package.json
45 verbose targetResolver reading package data from /Users/hugocardoza/Taller/ComponentesAngular/node_modules/grunt-contrib-watch/package.json
46 verbose targetResolver reading package data from /Users/hugocardoza/Taller/ComponentesAngular/node_modules/grunt-karma/package.json
47 verbose targetResolver reading package data from /Users/hugocardoza/Taller/ComponentesAngular/node_modules/grunt-ngmin/package.json
48 verbose targetResolver reading package data from /Users/hugocardoza/Taller/ComponentesAngular/node_modules/grunt-open/package.json
49 verbose targetResolver reading package data from /Users/hugocardoza/Taller/ComponentesAngular/node_modules/karma/package.json
50 verbose targetResolver reading package data from /Users/hugocardoza/Taller/ComponentesAngular/node_modules/karma-chrome-launcher/package.json
51 verbose targetResolver reading package data from /Users/hugocardoza/Taller/ComponentesAngular/node_modules/karma-coffee-preprocessor/package.json
52 verbose targetResolver reading package data from /Users/hugocardoza/Taller/ComponentesAngular/node_modules/karma-firefox-launcher/package.json
53 verbose targetResolver reading package data from /Users/hugocardoza/Taller/ComponentesAngular/node_modules/karma-html2js-preprocessor/package.json
54 verbose targetResolver reading package data from /Users/hugocardoza/Taller/ComponentesAngular/node_modules/karma-jasmine/package.json
55 verbose targetResolver reading package data from /Users/hugocardoza/Taller/ComponentesAngular/node_modules/karma-phantomjs-launcher/package.json
56 verbose targetResolver reading package data from /Users/hugocardoza/Taller/ComponentesAngular/node_modules/karma-requirejs/package.json
57 verbose targetResolver reading package data from /Users/hugocardoza/Taller/ComponentesAngular/node_modules/karma-script-launcher/package.json
58 verbose targetResolver reading package data from /Users/hugocardoza/Taller/ComponentesAngular/node_modules/matchdep/package.json
59 verbose targetResolver reading package data from /Users/hugocardoza/Taller/ComponentesAngular/node_modules/.bin/grunt-open/package.json
60 verbose targetResolver reading package data from /Users/hugocardoza/Taller/ComponentesAngular/node_modules/.bin/karma/package.json
61 verbose already installed skipping grunt-contrib-connect@~0.5.0 /Users/hugocardoza/Taller/ComponentesAngular
62 verbose already installed skipping grunt-contrib-less@~0.7.0 /Users/hugocardoza/Taller/ComponentesAngular
63 verbose already installed skipping connect-livereload@~0.3.0 /Users/hugocardoza/Taller/ComponentesAngular
64 verbose already installed skipping grunt-open@~0.2.2 /Users/hugocardoza/Taller/ComponentesAngular
65 verbose already installed skipping grunt-karma@~0.6.2 /Users/hugocardoza/Taller/ComponentesAngular
66 verbose already installed skipping grunt-ngmin@0.0.3 /Users/hugocardoza/Taller/ComponentesAngular
67 verbose already installed skipping grunt-bump@0.0.11 /Users/hugocardoza/Taller/ComponentesAngular
68 verbose already installed skipping matchdep@~0.1.2 /Users/hugocardoza/Taller/ComponentesAngular
69 verbose already installed skipping karma-script-launcher@~0.1.0 /Users/hugocardoza/Taller/ComponentesAngular
70 verbose already installed skipping karma-chrome-launcher@~0.1.0 /Users/hugocardoza/Taller/ComponentesAngular
71 verbose already installed skipping karma-firefox-launcher@~0.1.0 /Users/hugocardoza/Taller/ComponentesAngular
72 verbose already installed skipping karma-html2js-preprocessor@~0.1.0 /Users/hugocardoza/Taller/ComponentesAngular
73 verbose already installed skipping karma-jasmine@~0.1.3 /Users/hugocardoza/Taller/ComponentesAngular
74 verbose already installed skipping karma-requirejs@0.2.0 /Users/hugocardoza/Taller/ComponentesAngular
75 verbose already installed skipping karma-phantomjs-launcher@~0.1.0 /Users/hugocardoza/Taller/ComponentesAngular
76 verbose already installed skipping karma@0.10.2 /Users/hugocardoza/Taller/ComponentesAngular
77 verbose already installed skipping grunt@~0.4.1 /Users/hugocardoza/Taller/ComponentesAngular
78 verbose already installed skipping grunt-contrib-jshint@~0.6.4 /Users/hugocardoza/Taller/ComponentesAngular
79 verbose already installed skipping grunt-contrib-concat@~0.3.0 /Users/hugocardoza/Taller/ComponentesAngular
80 verbose already installed skipping grunt-contrib-uglify@~0.2.4 /Users/hugocardoza/Taller/ComponentesAngular
81 verbose already installed skipping grunt-contrib-watch@~0.5.3 /Users/hugocardoza/Taller/ComponentesAngular
82 verbose already installed skipping grunt-contrib-clean@~0.5.0 /Users/hugocardoza/Taller/ComponentesAngular
83 silly install resolved []
84 info build /Users/hugocardoza/Taller/ComponentesAngular
85 info linkStuff ng-donuts-d3@0.0.1
86 silly linkStuff ng-donuts-d3@0.0.1 has /Users/hugocardoza/Taller as its parent node_modules
87 verbose linkBins ng-donuts-d3@0.0.1
88 verbose linkMans ng-donuts-d3@0.0.1
89 verbose rebuildBundles ng-donuts-d3@0.0.1
90 verbose rebuildBundles [ '.bin',
90 verbose rebuildBundles   'connect-livereload',
90 verbose rebuildBundles   'grunt',
90 verbose rebuildBundles   'grunt-bump',
90 verbose rebuildBundles   'grunt-contrib-clean',
90 verbose rebuildBundles   'grunt-contrib-concat',
90 verbose rebuildBundles   'grunt-contrib-connect',
90 verbose rebuildBundles   'grunt-contrib-jshint',
90 verbose rebuildBundles   'grunt-contrib-less',
90 verbose rebuildBundles   'grunt-contrib-qunit',
90 verbose rebuildBundles   'grunt-contrib-uglify',
90 verbose rebuildBundles   'grunt-contrib-watch',
90 verbose rebuildBundles   'grunt-karma',
90 verbose rebuildBundles   'grunt-ngmin',
90 verbose rebuildBundles   'grunt-open',
90 verbose rebuildBundles   'karma',
90 verbose rebuildBundles   'karma-chrome-launcher',
90 verbose rebuildBundles   'karma-coffee-preprocessor',
90 verbose rebuildBundles   'karma-firefox-launcher',
90 verbose rebuildBundles   'karma-html2js-preprocessor',
90 verbose rebuildBundles   'karma-jasmine',
90 verbose rebuildBundles   'karma-phantomjs-launcher',
90 verbose rebuildBundles   'karma-requirejs',
90 verbose rebuildBundles   'karma-script-launcher',
90 verbose rebuildBundles   'matchdep' ]
91 verbose rebuild bundle /Users/hugocardoza/Taller/ComponentesAngular/node_modules/grunt-contrib-qunit
92 info build /Users/hugocardoza/Taller/ComponentesAngular/node_modules/grunt-contrib-qunit
93 info preinstall grunt-contrib-qunit@0.7.0
94 info linkStuff grunt-contrib-qunit@0.7.0
95 silly linkStuff grunt-contrib-qunit@0.7.0 has /Users/hugocardoza/Taller/ComponentesAngular/node_modules as its parent node_modules
96 verbose linkBins grunt-contrib-qunit@0.7.0
97 verbose linkMans grunt-contrib-qunit@0.7.0
98 verbose rebuildBundles grunt-contrib-qunit@0.7.0
99 verbose rebuildBundles [ 'grunt-lib-phantomjs' ]
100 info install grunt-contrib-qunit@0.7.0
101 info postinstall grunt-contrib-qunit@0.7.0
102 verbose rebuild bundle /Users/hugocardoza/Taller/ComponentesAngular/node_modules/karma-coffee-preprocessor
103 info build /Users/hugocardoza/Taller/ComponentesAngular/node_modules/karma-coffee-preprocessor
104 info preinstall karma-coffee-preprocessor@0.1.3
105 info linkStuff karma-coffee-preprocessor@0.1.3
106 silly linkStuff karma-coffee-preprocessor@0.1.3 has /Users/hugocardoza/Taller/ComponentesAngular/node_modules as its parent node_modules
107 verbose linkBins karma-coffee-preprocessor@0.1.3
108 verbose linkMans karma-coffee-preprocessor@0.1.3
109 verbose rebuildBundles karma-coffee-preprocessor@0.1.3
110 verbose rebuildBundles [ '.bin', 'coffee-script' ]
111 info install karma-coffee-preprocessor@0.1.3
112 info postinstall karma-coffee-preprocessor@0.1.3
113 info install ng-donuts-d3@0.0.1
114 info postinstall ng-donuts-d3@0.0.1
115 info prepublish ng-donuts-d3@0.0.1
116 verbose validateInstall loading /Users/hugocardoza/Taller/ComponentesAngular/package.json for validation
117 verbose stack Error: The package karma-requirejs does not satisfy its siblings' peerDependencies requirements!
117 verbose stack     at /usr/local/lib/node_modules/npm/lib/install.js:125:32
117 verbose stack     at /usr/local/lib/node_modules/npm/lib/install.js:267:7
117 verbose stack     at /usr/local/lib/node_modules/npm/node_modules/read-installed/read-installed.js:138:5
117 verbose stack     at /usr/local/lib/node_modules/npm/node_modules/read-installed/read-installed.js:251:14
117 verbose stack     at cb (/usr/local/lib/node_modules/npm/node_modules/slide/lib/async-map.js:47:24)
117 verbose stack     at /usr/local/lib/node_modules/npm/node_modules/read-installed/read-installed.js:251:14
117 verbose stack     at cb (/usr/local/lib/node_modules/npm/node_modules/slide/lib/async-map.js:47:24)
117 verbose stack     at /usr/local/lib/node_modules/npm/node_modules/read-installed/read-installed.js:251:14
117 verbose stack     at cb (/usr/local/lib/node_modules/npm/node_modules/slide/lib/async-map.js:47:24)
117 verbose stack     at /usr/local/lib/node_modules/npm/node_modules/read-installed/read-installed.js:251:14
118 verbose cwd /Users/hugocardoza/Taller/ComponentesAngular
119 error Darwin 14.1.0
120 error argv "node" "/usr/local/bin/npm" "install"
121 error node v0.12.0
122 error npm  v2.8.4
123 error code EPEERINVALID
124 error peerinvalid The package karma-requirejs does not satisfy its siblings' peerDependencies requirements!
124 error peerinvalid Peer karma@0.10.10 wants karma-requirejs@~0.2.0
125 verbose exit [ 1, true ]
